Unity Editor version:    6000.2.10f1 (d3d30d158480)
Branch:                  6000.2/staging
Build type:              Release
Batch mode:              YES
macOS version:           Version 15.6.1 (Build 24G90)
Darwin version:          24.6.0
Architecture:            x86_64
Running under Rosetta:   NO
Available memory:        16384 MB
Date:                    2026-01-16T11:46:50Z
[Licensing::Module] Trying to connect to existing licensing client channel...
[Licensing::IpcConnector] Successfully connected to: "LicenseClient-mac" at "2026-01-16T11:46:50.716135Z"

COMMAND LINE ARGUMENTS:
/Applications/Unity/Hub/Editor/6000.2.10f1/Unity.app/Contents/MacOS/Unity
-adb2
-batchMode
-noUpm
-name
AssetImportWorker0
-projectPath
/Users/mac/Projects/T54-1975 (3)
-logFile
Logs/AssetImportWorker0.log
-srvPort
62841
-licensingIpc
LicenseClient-mac
-job-worker-count
5
-background-job-worker-count
8
-gc-helper-count
1
-name AssetImport
Successfully changed project path to: /Users/mac/Projects/T54-1975 (3)
/Users/mac/Projects/T54-1975 (3)
[UnityMemory] Configuration Parameters - Can be set up in boot.config
    "memorysetup-allocator-temp-initial-block-size-main=262144"
    "memorysetup-allocator-temp-initial-block-size-worker=262144"
    "memorysetup-bucket-allocator-granularity=16"
    "memorysetup-bucket-allocator-bucket-count=8"
    "memorysetup-bucket-allocator-block-size=33554432"
    "memorysetup-bucket-allocator-block-count=8"
    "memorysetup-main-allocator-block-size=16777216"
    "memorysetup-thread-allocator-block-size=16777216"
    "memorysetup-gfx-main-allocator-block-size=16777216"
    "memorysetup-gfx-thread-allocator-block-size=16777216"
    "memorysetup-cache-allocator-block-size=4194304"
    "memorysetup-typetree-allocator-block-size=2097152"
    "memorysetup-profiler-bucket-allocator-granularity=16"
    "memorysetup-profiler-bucket-allocator-bucket-count=8"
    "memorysetup-profiler-bucket-allocator-block-size=33554432"
    "memorysetup-profiler-bucket-allocator-block-count=8"
    "memorysetup-profiler-allocator-block-size=16777216"
    "memorysetup-profiler-editor-allocator-block-size=1048576"
    "memorysetup-temp-allocator-size-main=16777216"
    "memorysetup-job-temp-allocator-block-size=2097152"
    "memorysetup-job-temp-allocator-block-size-background=1048576"
    "memorysetup-job-temp-allocator-reduction-small-platforms=262144"
    "memorysetup-temp-allocator-size-background-worker=32768"
    "memorysetup-temp-allocator-size-job-worker=262144"
    "memorysetup-temp-allocator-size-preload-manager=33554432"
    "memorysetup-temp-allocator-size-nav-mesh-worker=65536"
    "memorysetup-temp-allocator-size-audio-worker=65536"
    "memorysetup-temp-allocator-size-cloud-worker=32768"
    "memorysetup-temp-allocator-size-gi-baking-worker=262144"
    "memorysetup-temp-allocator-size-gi-baking-worker=262144"
    "memorysetup-temp-allocator-size-gi-baking-worker=262144"
    "memorysetup-temp-allocator-size-gi-baking-worker=262144"
    "memorysetup-temp-allocator-size-gi-baking-worker=262144"
    "memorysetup-temp-allocator-size-gfx=262144"
Player connection [140704395358080]  Target information:

Player connection [140704395358080]  * "[IP] 192.168.20.22 [Port] 0 [Flags] 2 [Guid] 1022073262 [EditorId] 1022073262 [Version] 1048832 [Id] OSXEditor(0,Macs-MacBook-Pro.local) [Debug] 1 [PackageName] OSXEditor [ProjectName] Editor" 

Player connection [140704395358080] Host joined multi-casting on [225.0.0.222:54997]...
Player connection [140704395358080] Host joined alternative multi-casting on [225.0.0.222:34997]...
JobSystem: Creating JobQueue using job-worker-count value 5
Input System module state changed to: Initialized.
[Physics::Module] Initialized fallback backend.
[Physics::Module] Id: 0xdecafbad
Library Redirect Path: Library/
[Physics::Module] Selected backend.
[Physics::Module] Name: PhysX
[Physics::Module] Id: 0xf2b8ea05
[Physics::Module] SDK Version: 4.1.2
[Physics::Module] Integration Version: 1.0.0
[Physics::Module] Threading Mode: Multi-Threaded
Refreshing native plugins compatible for Editor in 4.11 ms, found 2 plugins.
Preloading 0 native plugins for Editor in 0.00 ms.
Initialize engine version: 6000.2.10f1 (d3d30d158480)
[Subsystems] Discovering subsystems at path /Applications/Unity/Hub/Editor/6000.2.10f1/Unity.app/Contents/Resources/UnitySubsystems
[Subsystems] Discovering subsystems at path /Users/mac/Projects/T54-1975 (3)/Assets
GfxDevice: creating device client; kGfxThreadingModeNonThreaded
Color LCD preferred device: AMD Radeon Pro 5300M (high power)
Metal devices available: 2
0: AMD Radeon Pro 5300M (high power)
1: Intel(R) UHD Graphics 630 (low power)
Using device AMD Radeon Pro 5300M (high power)
Initializing Metal device caps: AMD Radeon Pro 5300M
Mac GPU Family: 2
Apple GPU Family: 0
MSL Version: 3.0
Has Float MSAA: 1
Has Float Filtering: 1
ReadWrite Texture Tier: 2
Initialize mono
Mono path[0] = '/Applications/Unity/Hub/Editor/6000.2.10f1/Unity.app/Contents/Managed'
Mono path[1] = '/Applications/Unity/Hub/Editor/6000.2.10f1/Unity.app/Contents/MonoBleedingEdge/lib/mono/unityjit-macos'
Mono config path = '/Applications/Unity/Hub/Editor/6000.2.10f1/Unity.app/Contents/MonoBleedingEdge/etc'
Using monoOptions --debugger-agent=transport=dt_socket,embedding=1,server=y,suspend=n,address=127.0.0.1:56392
Begin MonoManager ReloadAssembly
Registering precompiled unity dll's ...
Register platform support module: /Applications/Unity/Hub/Editor/6000.2.10f1/Unity.app/Contents/PlaybackEngines/MacStandaloneSupport/UnityEditor.OSXStandalone.Extensions.dll
Register platform support module: /Applications/Unity/Hub/Editor/6000.2.10f1/PlaybackEngines/WindowsStandaloneSupport/UnityEditor.WindowsStandalone.Extensions.dll
Registered in 0.000614 seconds.
[Licensing::Client] Code 10 while verifying Licensing Client signature (process Id: 834, path: "/Applications/Unity Hub.app/Contents/Frameworks/UnityLicensingClient_V1.app/Contents/MacOS/Unity.Licensing.Client")
[Licensing::Module] LicensingClient has failed validation; ignoring
[Licensing::Client] Handshaking with LicensingClient:
  Version:                 1.17.4+4293ba1
  Session Id:              3df4ecc064064e61a96fe568b893660c
  Correlation Id:          31f84ef6a6030b0f559b99b970380653
  External correlation Id: 1122171191364789213
  Machine Id:              nz4qsHPHqnw3xkkauPzMOYhuq2Y=
[Licensing::Module] Successfully connected to LicensingClient on channel: "LicenseClient-mac" (connect: 0.00s, validation: 0.00s, handshake: 1.38s)
[Licensing::IpcConnector] Successfully connected to: "LicenseClient-mac-notifications" at "2026-01-16T11:46:52.098047Z"
[Licensing::Module] Licensing Background thread has ended after 1.38s
- Loaded All Assemblies, in  0.717 seconds
Native extension for WindowsStandalone target not found
Native extension for OSXStandalone target not found
Mono: successfully reloaded assembly
- Finished resetting the current domain, in  0.674 seconds
Domain Reload Profiling: 1392ms
	BeginReloadAssembly (155ms)
		ExecutionOrderSort (0ms)
		DisableScriptedObjects (0ms)
		BackupInstance (0ms)
		ReleaseScriptingObjects (0ms)
		CreateAndSetChildDomain (1ms)
	RebuildCommonClasses (69ms)
	RebuildNativeTypeToScriptingClass (21ms)
	initialDomainReloadingComplete (72ms)
	LoadAllAssembliesAndSetupDomain (400ms)
		LoadAssemblies (154ms)
		RebuildTransferFunctionScriptingTraits (0ms)
		AnalyzeDomain (397ms)
			TypeCache.Refresh (394ms)
				TypeCache.ScanAssembly (374ms)
			BuildScriptInfoCaches (0ms)
			ResolveRequiredComponents (1ms)
	FinalizeReload (675ms)
		ReleaseScriptCaches (0ms)
		RebuildScriptCaches (0ms)
		SetupLoadedEditorAssemblies (599ms)
			LogAssemblyErrors (0ms)
			InitializePlatformSupportModulesInManaged (84ms)
			SetLoadedEditorAssemblies (7ms)
			BeforeProcessingInitializeOnLoad (109ms)
			ProcessInitializeOnLoadAttributes (308ms)
			ProcessInitializeOnLoadMethodAttributes (91ms)
			AfterProcessingInitializeOnLoad (0ms)
			EditorAssembliesLoaded (0ms)
		ExecutionOrderSort2 (0ms)
		AwakeInstancesAfterBackupRestoration (0ms)
Assembly reference Packages/com.unity.cinemachine/Editor/Samples/ExposeHDRPInternals/HDRP-Editor-ref.asmref has no target assembly definition
[CoreBusinessMetrics] Unexpected thread when updating session info.
[CoreBusinessMetrics] Unexpected thread when constructing MetricsHeader.
[CoreBusinessMetrics] Unexpected thread when constructing MetricsHeader.
========================================================================
Worker process is ready to serve import requests
Import Worker Mode flag is 0x00
Assembly reference Packages/com.unity.cinemachine/Editor/Samples/ExposeHDRPInternals/HDRP-Editor-ref.asmref has no target assembly definition
Assembly reference Packages/com.unity.cinemachine/Editor/Samples/ExposeHDRPInternals/HDRP-Editor-ref.asmref has no target assembly definition
Begin MonoManager ReloadAssembly
[Licensing::Client] Successfully resolved entitlement details
[Licensing::Module] License group:
  Id: 18968291125984-UnityPersXXXX
  Product: Unity Personal
  Type: Assigned
  Expiration: Unlimited
- Loaded All Assemblies, in  1.258 seconds
Assembly reference Packages/com.unity.cinemachine/Editor/Samples/ExposeHDRPInternals/HDRP-Editor-ref.asmref has no target assembly definition
'Packages/com.unity.cinemachine/Editor/Obsolete/CinemachineVirtualCameraBaseEditor.cs' contains partial class of Unity.Object, exactly 1 of the partial classes needs to be in a file with the same filename. This is to know the one that can be referenced from ie. GameObjects
'Packages/com.unity.cinemachine/Editor/Editors/CinemachineVirtualCameraBaseEditor.cs' contains partial class of Unity.Object, exactly 1 of the partial classes needs to be in a file with the same filename. This is to know the one that can be referenced from ie. GameObjects
Refreshing native plugins compatible for Editor in 1.13 ms, found 2 plugins.
Native extension for WindowsStandalone target not found
Native extension for OSXStandalone target not found
Assembly reference Packages/com.unity.cinemachine/Editor/Samples/ExposeHDRPInternals/HDRP-Editor-ref.asmref has no target assembly definition
Package Manager log level set to [2]
[Package Manager] Failed to launch server process. Reason: Unity was launched with the -noUpm command-line argument
[Package Manager] Unable to send message (not connected to server process).
[Package Manager] Cannot connect to Unity Package Manager local server
[Package Manager] Failed to launch server process. Reason: Unity was launched with the -noUpm command-line argument
[Package Manager] Unable to send message (not connected to server process).
[Package Manager] Cannot connect to Unity Package Manager local server
Refreshing native plugins compatible for Editor in 1.42 ms, found 2 plugins.
Mono: successfully reloaded assembly
- Finished resetting the current domain, in  1.363 seconds
Domain Reload Profiling: 2622ms
	BeginReloadAssembly (286ms)
		ExecutionOrderSort (0ms)
		DisableScriptedObjects (17ms)
		BackupInstance (0ms)
		ReleaseScriptingObjects (0ms)
		CreateAndSetChildDomain (69ms)
	RebuildCommonClasses (66ms)
	RebuildNativeTypeToScriptingClass (20ms)
	initialDomainReloadingComplete (54ms)
	LoadAllAssembliesAndSetupDomain (831ms)
		LoadAssemblies (485ms)
		RebuildTransferFunctionScriptingTraits (0ms)
		AnalyzeDomain (454ms)
			TypeCache.Refresh (342ms)
				TypeCache.ScanAssembly (321ms)
			BuildScriptInfoCaches (82ms)
			ResolveRequiredComponents (22ms)
	FinalizeReload (1364ms)
		ReleaseScriptCaches (0ms)
		RebuildScriptCaches (0ms)
		SetupLoadedEditorAssemblies (1125ms)
			LogAssemblyErrors (0ms)
			InitializePlatformSupportModulesInManaged (4ms)
			SetLoadedEditorAssemblies (8ms)
			BeforeProcessingInitializeOnLoad (204ms)
			ProcessInitializeOnLoadAttributes (723ms)
			ProcessInitializeOnLoadMethodAttributes (185ms)
			AfterProcessingInitializeOnLoad (1ms)
			EditorAssembliesLoaded (0ms)
		ExecutionOrderSort2 (0ms)
		AwakeInstancesAfterBackupRestoration (5ms)
WARNING: Shader Unsupported: 'Universal Render Pipeline/VR/SpatialMapping/Wireframe' - All subshaders removed
WARNING: Shader Did you use #pragma only_renderers and omit this platform?
WARNING: Shader If subshaders removal was intentional, you may have forgotten turning Fallback off?
WARNING: Shader Unsupported: 'Universal Render Pipeline/VR/SpatialMapping/Wireframe' - All subshaders removed
WARNING: Shader Did you use #pragma only_renderers and omit this platform?
WARNING: Shader If subshaders removal was intentional, you may have forgotten turning Fallback off?
Launching external process: /Applications/Unity/Hub/Editor/6000.2.10f1/Unity.app/Contents/Tools/UnityShaderCompiler
Launched and connected shader compiler UnityShaderCompiler after 0.10 seconds
Refreshing native plugins compatible for Editor in 1.00 ms, found 2 plugins.
Preloading 0 native plugins for Editor in 0.00 ms.
Unloading 16 Unused Serialized files (Serialized files now loaded: 0)
Unloading 7187 unused Assets / (4.9 MB). Loaded Objects now: 7909.
Memory consumption went from 142.0 MB to 137.1 MB.
Total: 14.680064 ms (FindLiveObjects: 0.990935 ms CreateObjectMapping: 1.652888 ms MarkObjects: 8.172093 ms  DeleteObjects: 3.862899 ms)

========================================================================
Received Import Request.
  Time since last request: 44834.125767 seconds.
  path: Assets/Prefbs/Player.prefab
  artifactKey: Guid(47aa881359b594becb63f673382b3fd9) Importer(815301076,1909f56bfc062723c751e8b465ee728b)
Start importing Assets/Prefbs/Player.prefab using Guid(47aa881359b594becb63f673382b3fd9) Importer(815301076,1909f56bfc062723c751e8b465ee728b) (PreviewImporter) -> (artifact id: '4f4abb12f251be5e2826965af012f3e4') in 0.712850585 seconds
Number of updated asset objects reloaded before import = 0Number of asset objects unloaded after import = 364

========================================================================
Received Import Request.
  Time since last request: 9.771515 seconds.
  path: Assets/Prefbs/Player.prefab
  artifactKey: Guid(47aa881359b594becb63f673382b3fd9) Importer(815301076,1909f56bfc062723c751e8b465ee728b)
Start importing Assets/Prefbs/Player.prefab using Guid(47aa881359b594becb63f673382b3fd9) Importer(815301076,1909f56bfc062723c751e8b465ee728b) (PreviewImporter) -> (artifact id: 'f9a30de4610a077b8d36370a3d37375a') in 0.09029741 seconds
Number of updated asset objects reloaded before import = 0Number of asset objects unloaded after import = 364

========================================================================
Received Import Request.
  Time since last request: 56.320504 seconds.
  path: Assets/Scripts/VolumeScript.cs
  artifactKey: Guid(17825cde2b4b6499e9d82cfc777b098e) Importer(2089858483,192608db42251d675da83286b1cce702)
Start importing Assets/Scripts/VolumeScript.cs using Guid(17825cde2b4b6499e9d82cfc777b098e) Importer(2089858483,192608db42251d675da83286b1cce702) (ScriptedImporter) -> (artifact id: '16e211382ec017254c4cdf58b185fbdf') in 0.347398252 seconds
Number of updated asset objects reloaded before import = 0Number of asset objects unloaded after import = 0

========================================================================
Received Import Request.
  Time since last request: 0.002358 seconds.
  path: Assets/New Avatar Mask.mask
  artifactKey: Guid(feab42ce4689147638bb961328cb52f6) Importer(815301076,1909f56bfc062723c751e8b465ee728b)
Start importing Assets/New Avatar Mask.mask using Guid(feab42ce4689147638bb961328cb52f6) Importer(815301076,1909f56bfc062723c751e8b465ee728b) (PreviewImporter) -> (artifact id: '0d6eef1fa6db9698a85757792ffbe0be') in 0.001205598 seconds
Number of updated asset objects reloaded before import = 0Number of asset objects unloaded after import = 1

========================================================================
Received Import Request.
  Time since last request: 9.999330 seconds.
  path: Assets/Scenes/SettingScene.unity
  artifactKey: Guid(e36023fa62f714871b2a80d1810c8ebd) Importer(2089858483,192608db42251d675da83286b1cce702)
Start importing Assets/Scenes/SettingScene.unity using Guid(e36023fa62f714871b2a80d1810c8ebd) Importer(2089858483,192608db42251d675da83286b1cce702) (ScriptedImporter) -> (artifact id: '9e48efc5d35fdee03d0944a1ee3fe9c1') in 0.013462873 seconds
Number of updated asset objects reloaded before import = 0Number of asset objects unloaded after import = 1

========================================================================
Received Import Request.
  Time since last request: 0.000107 seconds.
  path: Assets/Sprite/ASSET 2/new asset/Neo Geo _ NGCD - Metal Slug 2 _ Metal Slug X - Enemies & Bosses - Rebel Soldier (1).png
  artifactKey: Guid(58a6fcde8f347475d8d89ead9163c7f7) Importer(2089858483,192608db42251d675da83286b1cce702)
Start importing Assets/Sprite/ASSET 2/new asset/Neo Geo _ NGCD - Metal Slug 2 _ Metal Slug X - Enemies & Bosses - Rebel Soldier (1).png using Guid(58a6fcde8f347475d8d89ead9163c7f7) Importer(2089858483,192608db42251d675da83286b1cce702) (ScriptedImporter) -> (artifact id: '7bdf5b690532eb7f6e6edcd8c76637d4') in 8.834847698 seconds
Number of updated asset objects reloaded before import = 0Number of asset objects unloaded after import = 5044

========================================================================
Received Import Request.
  Time since last request: 990.542280 seconds.
  path: Assets/Prefbs/Boss.prefab
  artifactKey: Guid(74c15c4eb1d0f462f82a29ec8add8fd3) Importer(815301076,1909f56bfc062723c751e8b465ee728b)
Start importing Assets/Prefbs/Boss.prefab using Guid(74c15c4eb1d0f462f82a29ec8add8fd3) Importer(815301076,1909f56bfc062723c751e8b465ee728b) (PreviewImporter) -> (artifact id: 'bd2fadd70f6d79241002dc40ee6f4f46') in 0.350782212 seconds
Number of updated asset objects reloaded before import = 0Number of asset objects unloaded after import = 523

========================================================================
Received Import Request.
  Time since last request: 0.000149 seconds.
  path: Assets/Prefbs/BossBullet.prefab
  artifactKey: Guid(88e119253ea884967828b62d85c30156) Importer(815301076,1909f56bfc062723c751e8b465ee728b)
Start importing Assets/Prefbs/BossBullet.prefab using Guid(88e119253ea884967828b62d85c30156) Importer(815301076,1909f56bfc062723c751e8b465ee728b) (PreviewImporter) -> (artifact id: '408b1496be465f502c5632f3c23d3d4b') in 0.076764815 seconds
Number of updated asset objects reloaded before import = 0Number of asset objects unloaded after import = 355

========================================================================
Received Import Request.
  Time since last request: 7.274914 seconds.
  path: Assets/Prefbs/Boss.prefab
  artifactKey: Guid(74c15c4eb1d0f462f82a29ec8add8fd3) Importer(815301076,1909f56bfc062723c751e8b465ee728b)
Start importing Assets/Prefbs/Boss.prefab using Guid(74c15c4eb1d0f462f82a29ec8add8fd3) Importer(815301076,1909f56bfc062723c751e8b465ee728b) (PreviewImporter) -> (artifact id: '07464202ccd113e6055580dcc6b815f2') in 0.313198171 seconds
Number of updated asset objects reloaded before import = 0Number of asset objects unloaded after import = 524

========================================================================
Received Import Request.
  Time since last request: 0.000123 seconds.
  path: Assets/Prefbs/EnemyKnife.prefab
  artifactKey: Guid(55739b76d47be41e3a19bb3a599c5aff) Importer(815301076,1909f56bfc062723c751e8b465ee728b)
Start importing Assets/Prefbs/EnemyKnife.prefab using Guid(55739b76d47be41e3a19bb3a599c5aff) Importer(815301076,1909f56bfc062723c751e8b465ee728b) (PreviewImporter) -> (artifact id: '9f5695c98b9abcc593b76955c2bf1a1c') in 0.390184283 seconds
Number of updated asset objects reloaded before import = 0Number of asset objects unloaded after import = 455

========================================================================
Received Import Request.
  Time since last request: 15.932384 seconds.
  path: Assets/Prefbs/Boss.prefab
  artifactKey: Guid(74c15c4eb1d0f462f82a29ec8add8fd3) Importer(815301076,1909f56bfc062723c751e8b465ee728b)
Start importing Assets/Prefbs/Boss.prefab using Guid(74c15c4eb1d0f462f82a29ec8add8fd3) Importer(815301076,1909f56bfc062723c751e8b465ee728b) (PreviewImporter) -> (artifact id: '0040ccb1915bf96191af3e677593f6c9') in 0.201893221 seconds
Number of updated asset objects reloaded before import = 0Number of asset objects unloaded after import = 524

========================================================================
Received Import Request.
  Time since last request: 1.577701 seconds.
  path: Assets/Prefbs/Boss.prefab
  artifactKey: Guid(74c15c4eb1d0f462f82a29ec8add8fd3) Importer(815301076,1909f56bfc062723c751e8b465ee728b)
Start importing Assets/Prefbs/Boss.prefab using Guid(74c15c4eb1d0f462f82a29ec8add8fd3) Importer(815301076,1909f56bfc062723c751e8b465ee728b) (PreviewImporter) -> (artifact id: '5255b158a352924f1266da6f67d2c5c3') in 0.202052231 seconds
Number of updated asset objects reloaded before import = 0Number of asset objects unloaded after import = 524

========================================================================
Received Import Request.
  Time since last request: 2.641078 seconds.
  path: Assets/Prefbs/Boss.prefab
  artifactKey: Guid(74c15c4eb1d0f462f82a29ec8add8fd3) Importer(815301076,1909f56bfc062723c751e8b465ee728b)
Start importing Assets/Prefbs/Boss.prefab using Guid(74c15c4eb1d0f462f82a29ec8add8fd3) Importer(815301076,1909f56bfc062723c751e8b465ee728b) (PreviewImporter) -> (artifact id: 'bd998910eb8759dc9cc4ad1061aea282') in 0.212550168 seconds
Number of updated asset objects reloaded before import = 0Number of asset objects unloaded after import = 524

Editor requested this worker to shutdown with reason: Scaling down because of idle timeout
AssetImportWorker is now disconnected from the server
Process exiting
